<?xml version="1.0" encoding="UTF-8"?>
<!-- Generated by org.testng.reporters.JUnitReportReporter -->
<testsuite hostname="TYP1785" failures="0" tests="1" name="pac2.OrgTest" time="1.322" errors="0" timestamp="2024-09-10T16:24:12 IST" skipped="0">
  <testcase classname="pac2.OrgTest" name="modifyContactTest" time="1.322"/>
</testsuite> <!-- pac2.OrgTest -->
