<?xml version="1.0" encoding="UTF-8"?>
<!-- Generated by org.testng.reporters.JUnitReportReporter -->
<testsuite hostname="TYP1785" failures="0" tests="1" name="pac1.ContactTest" time="1.309" errors="0" timestamp="2024-09-10T16:26:59 IST" skipped="0">
  <testcase classname="pac1.ContactTest" name="modifyContactTest" time="1.309"/>
</testsuite> <!-- pac1.ContactTest -->
