<?xml version="1.0" encoding="UTF-8"?>
<!-- Generated by org.testng.reporters.JUnitReportReporter -->
<testsuite hostname="TYP1785" failures="0" tests="2" name="pac2.OrgTest" time="2.280" errors="0" timestamp="2024-09-11T12:40:59 IST" skipped="0">
  <testcase classname="pac2.OrgTest" name="createOrgTest" time="1.370"/>
  <testcase classname="pac2.OrgTest" name="modifyContactTest" time="0.910"/>
</testsuite> <!-- pac2.OrgTest -->
