<?xml version="1.0" encoding="UTF-8"?>
<!-- Generated by org.testng.reporters.JUnitReportReporter -->
<testsuite hostname="TYP1785" failures="0" tests="2" name="pac1.ContactTest" time="2.186" errors="0" timestamp="2024-09-11T12:40:59 IST" skipped="0">
  <testcase classname="pac1.ContactTest" name="createContactTest" time="1.270"/>
  <testcase classname="pac1.ContactTest" name="modifyContactTest" time="0.916"/>
</testsuite> <!-- pac1.ContactTest -->
